I0424 23:50:08.722532   73957 load.go:37] Reloading schema and connectors...
I0424 23:50:09.207854   73957 control.go:73] [/emulator/buscabodega-1696627429011 974c] UpdateResources(): done
Schema: sources: schema/schema.gql [2088B] 
Connector "default": sources: connector/mutations.gql [1233B] connector/queries.gql [1802B] 
I0424 23:50:09.444732   73957 codegen.go:82] [connector "default" javascriptSdk] Generating sources into "/Users/alienx/Documents/GitHub/BBHZ-server/dataconnect-generated/js/default-connector"
I0424 23:50:09.587564   73957 collector.go:107] schema extensions wrote into "/Users/alienx/Documents/GitHub/BBHZ-server/dataconnect/.dataconnect/schema"
Generated sources: prelude.gql [71117B] 
I0424 23:50:09.628750   73957 collector.go:107] connector "default" javascriptSdk wrote into "/Users/alienx/Documents/GitHub/BBHZ-server/dataconnect-generated/js/default-connector"
Generated sources: esm/index.esm.js [128B] esm/package.json [17B] README.md [2774B] react/index.cjs.js [0B] angular/package.json [661B] angular/esm/package.json [17B] angular/esm/index.esm.js [0B] index.cjs.js [163B] package.json [1110B] react/index.d.ts [228B] react/esm/index.esm.js [0B] angular/index.d.ts [0B] angular/index.cjs.js [1B] react/package.json [468B] index.d.ts [246B] react/esm/package.json [17B] react/README.md [5417B] 
I0424 23:50:09.710737   73957 installsdk.go:49] Package @firebasegen/default-connector is already installed. Skipping installation
I0424 23:50:09.710812   73957 load.go:115] Finished reloading
I0424 23:50:09.711049   73957 dev.go:95] Listening on address (HTTP + gRPC): 127.0.0.1:9399
I0424 23:50:09.711407   73957 dev.go:95] Listening on address (HTTP + gRPC): [::1]:9399
I0424 23:50:35.140191   73957 control.go:73] [/emulator/buscabodega-1696627429011 5bdb] UpdateResources(): done
Schema: sources: schema/schema.gql [2088B] 
Connector "default": sources: connector/mutations.gql [1233B] connector/queries.gql [1802B] 
I0425 00:13:13.136983   73957 load.go:37] Reloading schema and connectors...
I0425 00:13:13.932339   73957 collector.go:107] schema extensions wrote into "/Users/alienx/Documents/GitHub/BBHZ-server/dataconnect/.dataconnect/schema"
Generated sources: prelude.gql [71117B] 
I0425 00:13:13.938728   73957 load.go:115] Finished reloading
I0425 00:13:50.523962   73957 load.go:37] Reloading schema and connectors...
I0425 00:13:50.582778   73957 codegen.go:82] [connector "default" javascriptSdk] Generating sources into "/Users/alienx/Documents/GitHub/BBHZ-server/dataconnect-generated/js/default-connector"
I0425 00:13:50.658446   73957 collector.go:107] schema extensions wrote into "/Users/alienx/Documents/GitHub/BBHZ-server/dataconnect/.dataconnect/schema"
Generated sources: prelude.gql [71117B] 
I0425 00:13:50.669406   73957 collector.go:107] connector "default" javascriptSdk wrote into "/Users/alienx/Documents/GitHub/BBHZ-server/dataconnect-generated/js/default-connector"
Generated sources: react/esm/index.esm.js [0B] react/README.md [5417B] angular/index.d.ts [0B] angular/package.json [661B] index.cjs.js [163B] README.md [2774B] react/index.d.ts [228B] react/package.json [468B] angular/index.cjs.js [1B] index.d.ts [246B] esm/index.esm.js [128B] esm/package.json [17B] package.json [1110B] react/index.cjs.js [0B] angular/esm/index.esm.js [0B] react/esm/package.json [17B] angular/esm/package.json [17B] 
I0425 00:13:50.678325   73957 installsdk.go:49] Package @firebasegen/default-connector is already installed. Skipping installation
I0425 00:13:50.678805   73957 load.go:115] Finished reloading
